\BOOKMARK [0][]{chapter*.4}{\376\377\000I\000n\000t\000r\000o\000d\000u\000c\000t\000i\000o\000n}{}% 1
\BOOKMARK [0][]{chapter.1}{\376\377\000G\000a\000m\000m\000a\000\040\000r\000a\000y\000s\000\040\000p\000r\000o\000p\000e\000r\000t\000i\000e\000s\000\040\000a\000n\000d\000\040\000m\000a\000t\000t\000e\000r\000\040\000i\000n\000t\000e\000r\000a\000c\000t\000i\000o\000n}{}% 2
\BOOKMARK [1][]{section.1.1}{\376\377\000G\000a\000m\000m\000a\000\040\000r\000a\000d\000i\000a\000t\000i\000o\000n\000\040\000e\000m\000i\000s\000s\000i\000o\000n}{chapter.1}% 3
\BOOKMARK [1][]{section.1.2}{\376\377\000P\000a\000s\000s\000a\000g\000e\000\040\000o\000f\000\040\000r\000a\000d\000i\000a\000t\000i\000o\000n\000\040\000a\000n\000d\000\040\000p\000a\000r\000t\000i\000c\000l\000e\000s\000\040\000t\000h\000r\000o\000u\000g\000h\000\040\000m\000a\000t\000t\000e\000r}{chapter.1}% 4
\BOOKMARK [2][]{subsection.1.2.1}{\376\377\000G\000a\000m\000m\000a\000\040\000m\000a\000t\000t\000e\000r\000\040\000i\000n\000t\000e\000r\000a\000c\000t\000i\000o\000n}{section.1.2}% 5
\BOOKMARK [2][]{subsection.1.2.2}{\376\377\000C\000h\000a\000r\000a\000c\000t\000e\000r\000i\000s\000t\000i\000c\000\040\000e\000n\000e\000r\000g\000y\000\040\000s\000p\000e\000c\000t\000r\000a}{section.1.2}% 6
\BOOKMARK [0][]{chapter.2}{\376\377\000G\000a\000m\000m\000a\000\040\000r\000a\000y\000s\000\040\000d\000e\000t\000e\000c\000t\000i\000o\000n}{}% 7
\BOOKMARK [1][]{section.2.1}{\376\377\000P\000r\000o\000p\000e\000r\000t\000i\000e\000s\000\040\000a\000n\000d\000\040\000p\000a\000r\000a\000m\000e\000t\000e\000r\000s\000\040\000o\000f\000\040\000d\000e\000t\000e\000c\000t\000o\000r\000s}{chapter.2}% 8
\BOOKMARK [2][]{subsection.2.1.1}{\376\377\000G\000a\000s\000\040\000p\000r\000o\000p\000o\000r\000t\000i\000o\000n\000a\000l\000\040\000d\000e\000t\000e\000c\000t\000o\000r\000s}{section.2.1}% 9
\BOOKMARK [2][]{subsection.2.1.2}{\376\377\000S\000c\000i\000n\000t\000i\000l\000l\000a\000t\000i\000o\000n\000\040\000d\000e\000t\000e\000c\000t\000o\000r\000s}{section.2.1}% 10
\BOOKMARK [2][]{subsection.2.1.3}{\376\377\000D\000e\000t\000e\000c\000t\000o\000r\000s\000\040\000b\000a\000s\000e\000d\000\040\000o\000n\000\040\000s\000e\000m\000i\000c\000o\000n\000d\000u\000c\000t\000o\000r\000s}{section.2.1}% 11
\BOOKMARK [0][]{chapter.3}{\376\377\000S\000e\000m\000i\000c\000o\000n\000d\000u\000c\000t\000o\000r\000\040\000d\000e\000t\000e\000c\000t\000o\000r\000s\000\040\000w\000i\000t\000h\000\040\000p\000-\000n\000\040\000j\000u\000n\000c\000t\000i\000o\000n}{}% 12
\BOOKMARK [1][]{section.3.1}{\376\377\000T\000h\000e\000\040\000s\000t\000r\000u\000c\000t\000u\000r\000e\000\040\000o\000f\000\040\000s\000e\000m\000i\000c\000o\000n\000d\000u\000c\000t\000o\000r}{chapter.3}% 13
\BOOKMARK [2][]{subsection.3.1.1}{\376\377\000D\000i\000r\000e\000c\000t\000\040\000a\000n\000d\000\040\000i\000n\000d\000i\000r\000e\000c\000t\000\040\000s\000e\000m\000i\000c\000o\000n\000d\000u\000c\000t\000o\000r\000s}{section.3.1}% 14
\BOOKMARK [2][]{subsection.3.1.2}{\376\377\000B\000a\000n\000d\000\040\000s\000t\000r\000u\000c\000t\000u\000r\000e}{section.3.1}% 15
\BOOKMARK [2][]{subsection.3.1.3}{\376\377\000O\000c\000c\000u\000p\000a\000t\000i\000o\000n\000\040\000o\000f\000\040\000s\000t\000a\000t\000e\000s}{section.3.1}% 16
\BOOKMARK [2][]{subsection.3.1.4}{\376\377\000S\000e\000m\000i\000c\000o\000n\000d\000u\000c\000t\000o\000r\000\040\000C\000r\000y\000s\000t\000a\000l\000s}{section.3.1}% 17
\BOOKMARK [1][]{section.3.2}{\376\377\000T\000h\000e\000\040\000p\040\023\000n\000\040\000j\000u\000n\000c\000t\000i\000o\000n}{chapter.3}% 18
\BOOKMARK [1][]{section.3.3}{\376\377\000D\000e\000t\000e\000c\000t\000i\000o\000n\000\040\000m\000e\000c\000h\000a\000n\000i\000s\000m}{chapter.3}% 19
\BOOKMARK [1][]{section.3.4}{\376\377\000M\000a\000i\000n\000\040\000n\000o\000i\000s\000e\000\040\000s\000o\000u\000r\000c\000e\000s\000\040\000a\000n\000d\000\040\000r\000e\000s\000o\000l\000u\000t\000i\000o\000n\000\040\000l\000i\000m\000i\000t\000a\000t\000i\000o\000n\000s}{chapter.3}% 20
\BOOKMARK [2][]{subsection.3.4.1}{\376\377\000F\000a\000n\000o\000\040\000n\000o\000i\000s\000e}{section.3.4}% 21
\BOOKMARK [2][]{subsection.3.4.2}{\376\377\000T\000h\000e\000r\000m\000a\000l\000\040\000n\000o\000i\000s\000e}{section.3.4}% 22
\BOOKMARK [2][]{subsection.3.4.3}{\376\377\000R\000e\000c\000o\000m\000b\000i\000n\000a\000t\000i\000o\000n\000\040\000a\000n\000d\000\040\000t\000r\000a\000p\000p\000i\000n\000g}{section.3.4}% 23
\BOOKMARK [1][]{section.3.5}{\376\377\000S\000t\000r\000u\000c\000t\000u\000r\000e\000\040\000a\000n\000d\000\040\000p\000a\000r\000a\000m\000e\000t\000e\000r\000s\000\040\000o\000f\000\040\000S\000i\000\040\000P\000I\000N\000\040\000d\000e\000t\000e\000c\000t\000o\000r}{chapter.3}% 24
\BOOKMARK [1][]{section.3.6}{\376\377\000A\000v\000a\000i\000l\000a\000b\000l\000e\000\040\000S\000i\000\040\000P\000I\000N\000\040\000d\000e\000t\000e\000c\000t\000o\000r\000s}{chapter.3}% 25
\BOOKMARK [2][]{subsection.3.6.1}{\376\377\000H\000a\000m\000a\000m\000a\000t\000s\000u\000\040\000S\0001\0004\0006\0000\0005}{section.3.6}% 26
\BOOKMARK [2][]{subsection.3.6.2}{\376\377\000B\000P\000W\0003\0004}{section.3.6}% 27
\BOOKMARK [2][]{subsection.3.6.3}{\376\377\000O\000P\000F\0004\0003\0000}{section.3.6}% 28
\BOOKMARK [0][]{chapter.4}{\376\377\000M\000\366\000s\000s\000b\000a\000u\000e\000r\000\040\000e\000f\000f\000e\000c\000t\000\040\000a\000n\000d\000\040\000s\000p\000e\000c\000t\000r\000o\000s\000c\000o\000p\000y}{}% 29
\BOOKMARK [1][]{section.4.1}{\376\377\000P\000h\000y\000s\000i\000c\000a\000l\000\040\000c\000o\000n\000c\000e\000p\000t}{chapter.4}% 30
\BOOKMARK [2][]{subsection.4.1.1}{\376\377\000R\000e\000s\000o\000n\000a\000c\000e\000\040\000e\000m\000i\000s\000s\000i\000o\000n\000\040\000a\000n\000d\000\040\000a\000b\000s\000o\000r\000p\000t\000i\000o\000n}{section.4.1}% 31
\BOOKMARK [2][]{subsection.4.1.2}{\376\377\000I\000n\000t\000e\000r\000a\000c\000t\000i\000o\000n\000\040\000o\000f\000\040\000n\000u\000c\000l\000e\000i\000\040\000w\000i\000t\000h\000\040\000l\000o\000c\000a\000l\000\040\000f\000i\000e\000l\000d\000s}{section.4.1}% 32
\BOOKMARK [1][]{section.4.2}{\376\377\000M\000\366\000s\000s\000b\000a\000u\000e\000r\000\040\000s\000p\000e\000c\000t\000r\000o\000s\000c\000o\000p\000y}{chapter.4}% 33
\BOOKMARK [1][]{section.4.3}{\376\377\0005\0007\000F\000e\000\040\000s\000p\000e\000c\000t\000r\000o\000s\000c\000o\000p\000y}{chapter.4}% 34
\BOOKMARK [1][]{section.4.4}{\376\377\000M\000S\000\040\000s\000p\000e\000c\000t\000r\000a\000\040\000e\000f\000f\000e\000c\000t\000\040\000a\000n\000d\000\040\000S\000N\000R}{chapter.4}% 35
\BOOKMARK [0][]{chapter.5}{\376\377\000E\000l\000e\000c\000t\000r\000o\000n\000i\000c\000s\000\040\000f\000o\000r\000\040\000s\000i\000g\000n\000a\000l\000\040\000r\000e\000a\000d\000o\000u\000t\000\040\000a\000n\000d\000\040\000a\000n\000a\000l\000y\000s\000i\000s}{}% 36
\BOOKMARK [1][]{section.5.1}{\376\377\000P\000I\000N\000\040\000d\000e\000t\000e\000c\000t\000o\000r\000\040\000c\000o\000n\000n\000e\000c\000t\000i\000o\000n\000\040\000a\000n\000d\000\040\000b\000i\000a\000s\000\040\000v\000o\000l\000t\000a\000g\000e}{chapter.5}% 37
\BOOKMARK [2][]{subsection.5.1.1}{\376\377\000V\000o\000l\000t\000a\000g\000e\000\040\000s\000o\000u\000r\000c\000e}{section.5.1}% 38
\BOOKMARK [2][]{subsection.5.1.2}{\376\377\000S\000h\000i\000e\000l\000d\000i\000n\000g\000\040\000a\000n\000d\000\040\000g\000r\000o\000u\000n\000d\000i\000n\000g}{section.5.1}% 39
\BOOKMARK [2][]{subsection.5.1.3}{\376\377\000C\000o\000o\000l\000i\000n\000g}{section.5.1}% 40
\BOOKMARK [1][]{section.5.2}{\376\377\000S\000p\000e\000c\000t\000r\000o\000m\000e\000t\000r\000i\000c\000\040\000c\000h\000a\000i\000n\000\040\000c\000o\000m\000p\000o\000n\000e\000n\000t\000s}{chapter.5}% 41
\BOOKMARK [2][]{subsection.5.2.1}{\376\377\000P\000r\000e\000-\000a\000m\000p\000l\000i\000f\000i\000c\000a\000t\000i\000o\000n}{section.5.2}% 42
\BOOKMARK [2][]{subsection.5.2.2}{\376\377\000S\000h\000a\000p\000i\000n\000g}{section.5.2}% 43
\BOOKMARK [2][]{subsection.5.2.3}{\376\377\000M\000u\000l\000t\000i\000c\000h\000a\000n\000n\000e\000l\000\040\000a\000n\000a\000l\000y\000s\000i\000s\000\040\000\050\000M\000C\000A\000\051}{section.5.2}% 44
\BOOKMARK [0][]{chapter.6}{\376\377\000G\000a\000m\000m\000a\000\040\000s\000p\000e\000c\000t\000r\000u\000m\000\040\000s\000o\000f\000t\000w\000a\000r\000e\000\040\000a\000n\000a\000l\000y\000s\000i\000s}{}% 45
\BOOKMARK [1][]{section.6.1}{\376\377\000P\000e\000a\000k\000\040\000s\000e\000a\000r\000c\000h\000i\000n\000g\000\040\000p\000r\000o\000c\000e\000d\000u\000r\000e}{chapter.6}% 46
\BOOKMARK [0][]{chapter.7}{\376\377\000G\000a\000m\000m\000a\000\040\000d\000e\000t\000e\000c\000t\000i\000o\000n\000\040\000t\000e\000s\000t\000i\000n\000g}{}% 47
\BOOKMARK [1][]{section.7.1}{\376\377\000N\000o\000i\000s\000e\000\040\000r\000e\000d\000u\000c\000t\000i\000o\000n}{chapter.7}% 48
\BOOKMARK [2][]{subsection.7.1.1}{\376\377\000E\000l\000e\000c\000t\000r\000o\000m\000a\000g\000n\000e\000t\000i\000c\000\040\000n\000o\000i\000s\000e\000\040\000r\000e\000d\000u\000c\000t\000i\000o\000n}{section.7.1}% 49
\BOOKMARK [2][]{subsection.7.1.2}{\376\377\000T\000h\000e\000r\000m\000a\000l\000\040\000n\000o\000i\000s\000e\000\040\000r\000e\000d\000u\000c\000t\000i\000o\000n}{section.7.1}% 50
\BOOKMARK [1][]{section.7.2}{\376\377\000T\000e\000s\000t\000\040\000m\000e\000a\000s\000u\000r\000e\000m\000e\000n\000t\000\040\000o\000f\000\040\000t\000h\000e\000\040\0005\0007\000C\000o\000\040\000s\000p\000e\000c\000t\000r\000a}{chapter.7}% 51
\BOOKMARK [2][]{subsection.7.2.1}{\376\377\000S\0001\0004\0006\0000\0005\000\040\000t\000e\000s\000t}{section.7.2}% 52
\BOOKMARK [2][]{subsection.7.2.2}{\376\377\000B\000P\000W\0003\0004\000\040\000t\000e\000s\000t}{section.7.2}% 53
\BOOKMARK [2][]{subsection.7.2.3}{\376\377\000O\000P\000F\0004\0003\0000\000\040\000t\000e\000s\000t}{section.7.2}% 54
\BOOKMARK [0][]{chapter.8}{\376\377\000D\000e\000s\000i\000g\000n\000\040\000o\000f\000\040\000i\000n\000t\000e\000g\000r\000a\000t\000e\000d\000\040\000a\000m\000p\000l\000i\000f\000i\000e\000r}{}% 55
\BOOKMARK [1][]{section.8.1}{\376\377\000E\000l\000e\000c\000t\000r\000o\000n\000i\000c\000\040\000s\000c\000h\000e\000m\000a\000t\000i\000c\000\040\000a\000n\000d\000\040\000l\000a\000y\000o\000u\000t}{chapter.8}% 56
\BOOKMARK [1][]{section.8.2}{\376\377\000G\000r\000o\000u\000n\000d\000i\000n\000g\000\040\000a\000n\000d\000\040\000s\000h\000i\000e\000l\000d\000i\000n\000g}{chapter.8}% 57
\BOOKMARK [1][]{section.8.3}{\376\377\000P\000h\000o\000t\000o\000d\000i\000o\000d\000e\000\040\000i\000n\000p\000u\000t\000\040\000a\000n\000d\000\040\000p\000r\000e\000a\000m\000p\000l\000i\000f\000i\000e\000r}{chapter.8}% 58
\BOOKMARK [1][]{section.8.4}{\376\377\000A\000m\000p\000l\000i\000f\000i\000c\000a\000t\000i\000o\000n\000\040\000a\000n\000d\000\040\000s\000h\000a\000p\000i\000n\000g}{chapter.8}% 59
\BOOKMARK [1][]{section.8.5}{\376\377\000V\000o\000l\000t\000a\000g\000e\000\040\000s\000u\000p\000p\000l\000y}{chapter.8}% 60
\BOOKMARK [0][]{chapter.9}{\376\377\0005\0007\000C\000o\000\040\000M\000C\000A\000\040\000m\000e\000a\000s\000u\000r\000e\000m\000e\000n\000t\000\040\000w\000i\000t\000h\000\040\000i\000n\000t\000e\000g\000r\000a\000t\000e\000d\000\040\000a\000m\000p\000l\000i\000f\000i\000e\000r}{}% 61
\BOOKMARK [1][]{section.9.1}{\376\377\000M\000e\000a\000s\000u\000r\000e\000m\000e\000n\000t\000\040\000s\000e\000t\000u\000p}{chapter.9}% 62
\BOOKMARK [1][]{section.9.2}{\376\377\000S\000i\000\040\000P\000I\000N\000\040\000d\000e\000t\000e\000c\000t\000o\000r\000\040\000m\000e\000a\000s\000u\000r\000e\000m\000e\000n\000t}{chapter.9}% 63
\BOOKMARK [1][]{section.9.3}{\376\377\000S\000c\000i\000n\000t\000i\000l\000l\000a\000t\000o\000r\000\040\000a\000n\000d\000\040\000g\000a\000s\000\040\000d\000e\000t\000e\000c\000t\000o\000r\000\040\000m\000e\000a\000s\000u\000r\000e\000m\000e\000n\000t}{chapter.9}% 64
\BOOKMARK [1][]{section.9.4}{\376\377\000R\000e\000s\000u\000l\000t\000s}{chapter.9}% 65
\BOOKMARK [0][]{chapter.10}{\376\377\000M\000\366\000s\000s\000b\000a\000u\000e\000r\000\040\000s\000p\000e\000c\000t\000r\000a\000\040\000m\000e\000a\000s\000u\000r\000e\000m\000e\000n\000t}{}% 66
\BOOKMARK [0][]{chapter*.50}{\376\377\000C\000o\000n\000c\000l\000u\000s\000i\000o\000n}{}% 67
